<?xml version='1.0' encoding='UTF-8'?>
<testsuite hostname="Shahbazs-MacBook-Pro.local" name="argpasstests" tests="5" errors="0" failures="0" skipped="0" time="0.018" timestamp="2019-02-28T16:45:20">
                     <properties>
      <property name="awt.toolkit" value="sun.lwawt.macosx.LWCToolkit"/><property name="java.specification.version" value="10"/><property name="sun.cpu.isalist" value=""/><property name="sun.jnu.encoding" value="UTF-8"/><property name="sun.arch.data.model" value="64"/><property name="java.vendor.url" value="http://java.oracle.com/"/><property name="sun.boot.library.path" value="/Library/Java/JavaVirtualMachines/jdk-10.jdk/Contents/Home/lib"/><property name="sun.java.command" value="/usr/local/Cellar/sbt/1.2.8/libexec/bin/sbt-launch.jar ~testOnly argpasstests"/><property name="jdk.debug" value="release"/><property name="java.specification.vendor" value="Oracle Corporation"/><property name="java.version.date" value="2018-03-20"/><property name="java.home" value="/Library/Java/JavaVirtualMachines/jdk-10.jdk/Contents/Home"/><property name="file.separator" value="/"/><property name="java.vm.compressedOopsMode" value="Zero based"/><property name="line.separator" value="
"/><property name="java.specification.name" value="Java Platform API Specification"/><property name="java.vm.specification.vendor" value="Oracle Corporation"/><property name="sun.management.compiler" value="HotSpot 64-Bit Tiered Compilers"/><property name="java.runtime.version" value="10+46"/><property name="user.name" value="shahbazsyed"/><property name="file.encoding" value="UTF-8"/><property name="jnidispatch.path" value="/var/folders/_1/49lj23xn4m38r_g5fzbwxc940000gn/T/jna-1854970724/jna7442040241915401478.tmp"/><property name="java.vendor.version" value="18.3"/><property name="jna.loaded" value="true"/><property name="java.io.tmpdir" value="/var/folders/_1/49lj23xn4m38r_g5fzbwxc940000gn/T/"/><property name="java.version" value="10"/><property name="java.vm.specification.name" value="Java Virtual Machine Specification"/><property name="java.awt.printerjob" value="sun.lwawt.macosx.CPrinterJob"/><property name="sun.os.patch.level" value="unknown"/><property name="java.library.path" value="/Users/shahbazsyed/Library/Java/Extensions:/Library/Java/Extensions:/Network/Library/Java/Extensions:/System/Library/Java/Extensions:/usr/lib/java:."/><property name="java.vendor" value="Oracle Corporation"/><property name="scala.ext.dirs" value="/Users/shahbazsyed/.sbt/0.13/java9-rt-ext-oracle_corporation_10"/><property name="sun.io.unicode.encoding" value="UnicodeBig"/><property name="socksNonProxyHosts" value="local|*.local|169.254/16|*.169.254/16"/><property name="gopherProxySet" value="false"/><property name="file.encoding.pkg" value="sun.io"/><property name="java.class.path" value="/usr/local/Cellar/sbt/1.2.8/libexec/bin/sbt-launch.jar"/><property name="java.vm.vendor" value="&quot;Oracle Corporation&quot;"/><property name="jline.shutdownhook" value="false"/><property name="user.timezone" value="America/Chicago"/><property name="os.name" value="Mac OS X"/><property name="java.vm.specification.version" value="10"/><property name="sun.java.launcher" value="SUN_STANDARD"/><property name="user.country" value="US"/><property name="http.nonProxyHosts" value="local|*.local|169.254/16|*.169.254/16"/><property name="sun.cpu.endian" value="little"/><property name="user.home" value="/Users/shahbazsyed"/><property name="user.language" value="en"/><property name="java.awt.graphicsenv" value="sun.awt.CGraphicsEnvironment"/><property name="jline.esc.timeout" value="0"/><property name="ftp.nonProxyHosts" value="local|*.local|169.254/16|*.169.254/16"/><property name="path.separator" value=":"/><property name="os.version" value="10.14.3"/><property name="jna.nosys" value="true"/><property name="java.runtime.name" value="Java(TM) SE Runtime Environment"/><property name="java.vm.name" value="Java HotSpot(TM) 64-Bit Server VM"/><property name="jna.platform.library.path" value="/usr/lib:/usr/lib"/><property name="java.vendor.url.bug" value="http://bugreport.java.com/bugreport/"/><property name="user.dir" value="/Users/shahbazsyed/Documents/CS Classes/CSC 447/hw1-3"/><property name="os.arch" value="x86_64"/><property name="java.vm.info" value="mixed mode"/><property name="java.vm.version" value="10+46"/><property name="java.class.version" value="54.0"/>
    </properties>
                     <testcase classname="argpasstests" name="EX01 - refint1" time="0.014">
                                                 
                                               </testcase><testcase classname="argpasstests" name="EX02 - refint2" time="0.001">
                                                 
                                               </testcase><testcase classname="argpasstests" name="EX03 - refint3" time="0.001">
                                                 
                                               </testcase><testcase classname="argpasstests" name="EX04 - refint4" time="0.001">
                                                 
                                               </testcase><testcase classname="argpasstests" name="EX05 - refint5" time="0.001">
                                                 
                                               </testcase>
                     <system-out><![CDATA[]]></system-out>
                     <system-err><![CDATA[]]></system-err>
                   </testsuite>